<?xml version="1.0" encoding="UTF-8"?>
<testsuite name="com.quijotelui.FacturaRepositoryTest" tests="1" skipped="0" failures="0" errors="0" timestamp="2017-10-25T21:48:19" hostname="Ryzen" time="0.014">
  <properties/>
  <testcase name="probarBusquedaFecha" classname="com.quijotelui.FacturaRepositoryTest" time="0.014"/>
  <system-out><![CDATA[2017-10-25 16:48:19.421  INFO 5622 --- [    Test worker] .b.t.c.SpringBootTestContextBootstrapper : Neither @ContextConfiguration nor @ContextHierarchy found for test class [com.quijotelui.FacturaRepositoryTest], using SpringBootContextLoader
2017-10-25 16:48:19.421  INFO 5622 --- [    Test worker] o.s.t.c.support.AbstractContextLoader    : Could not detect default resource locations for test class [com.quijotelui.FacturaRepositoryTest]: no resource found for suffixes {-context.xml, Context.groovy}.
2017-10-25 16:48:19.421  INFO 5622 --- [    Test worker] t.c.s.AnnotationConfigContextLoaderUtils : Could not detect default configuration classes for test class [com.quijotelui.FacturaRepositoryTest]: FacturaRepositoryTest does not declare any static, non-private, non-final, nested classes annotated with @Configuration.
2017-10-25 16:48:19.426  INFO 5622 --- [    Test worker] .b.t.c.SpringBootTestContextBootstrapper : Found @SpringBootConfiguration com.quijotelui.QuijoteLuiApplication for test class com.quijotelui.FacturaRepositoryTest
2017-10-25 16:48:19.428  INFO 5622 --- [    Test worker] .b.t.c.SpringBootTestContextBootstrapper : Loaded default TestExecutionListener class names from location [META-INF/spring.factories]: [org.springframework.boot.test.autoconfigure.restdocs.RestDocsTestExecutionListener, org.springframework.boot.test.autoconfigure.web.client.MockRestServiceServerResetTestExecutionListener, org.springframework.boot.test.autoconfigure.web.servlet.MockMvcPrintOnlyOnFailureTestExecutionListener, org.springframework.boot.test.autoconfigure.web.servlet.WebDriverTestExecutionListener, org.springframework.boot.test.mock.mockito.MockitoTestExecutionListener, org.springframework.boot.test.mock.mockito.ResetMocksTestExecutionListener, org.springframework.test.context.web.ServletTestExecutionListener, org.springframework.test.context.support.DirtiesContextBeforeModesTestExecutionListener, org.springframework.test.context.support.DependencyInjectionTestExecutionListener, org.springframework.test.context.support.DirtiesContextTestExecutionListener, org.springframework.test.context.transaction.TransactionalTestExecutionListener, org.springframework.test.context.jdbc.SqlScriptsTestExecutionListener]
2017-10-25 16:48:19.430  INFO 5622 --- [    Test worker] .b.t.c.SpringBootTestContextBootstrapper : Using TestExecutionListeners: [org.springframework.test.context.web.ServletTestExecutionListener@43d8c08c, org.springframework.test.context.support.DirtiesContextBeforeModesTestExecutionListener@76299c0a, org.springframework.boot.test.autoconfigure.SpringBootDependencyInjectionTestExecutionListener@23b25d5b, org.springframework.test.context.support.DirtiesContextTestExecutionListener@ea674a7, org.springframework.test.context.transaction.TransactionalTestExecutionListener@b7f095f, org.springframework.test.context.jdbc.SqlScriptsTestExecutionListener@318c0df6, org.springframework.boot.test.mock.mockito.ResetMocksTestExecutionListener@e5d619, org.springframework.boot.test.autoconfigure.restdocs.RestDocsTestExecutionListener@3ddb99ee, org.springframework.boot.test.autoconfigure.web.client.MockRestServiceServerResetTestExecutionListener@4e1d5afb, org.springframework.boot.test.autoconfigure.web.servlet.WebDriverTestExecutionListener@1faf1d73, org.springframework.boot.test.mock.mockito.MockitoTestExecutionListener@31d44581, org.springframework.boot.test.autoconfigure.web.servlet.MockMvcPrintOnlyOnFailureTestExecutionListener@5021aebc]
Fecha en String: 2017-12-15
Fecha en Date: Fri Dec 15 00:00:00 ECT 2017
Hibernate: select factura0_.id as id1_1_, factura0_.codigo as codigo2_1_, factura0_.codigo_documento as codigo_documento3_1_, factura0_.descuentos as descuentos4_1_, factura0_.documento as documento5_1_, factura0_.establecimiento as establecimiento6_1_, factura0_.fecha as fecha7_1_, factura0_.guia_remision as guia_remision8_1_, factura0_.iva as iva9_1_, factura0_.numero as numero10_1_, factura0_.punto_emision as punto_emision11_1_, factura0_.razon_social as razon_social12_1_, factura0_.secuencial as secuencial13_1_, factura0_.tipo_documento as tipo_documento14_1_, factura0_.total as total15_1_, factura0_.total_con_iva as total_con_iva16_1_, factura0_.total_sin_iva as total_sin_iva17_1_ from v_ele_facturas factura0_ where factura0_.fecha=?

Facturas por fecha:
[]
]]></system-out>
  <system-err><![CDATA[]]></system-err>
</testsuite>
