<?xml version="1.0" encoding="UTF-8"?>
<testsuite name="com.quijotelui.QuijoteLuiApplicationTests" tests="1" skipped="0" failures="0" errors="0" timestamp="2017-10-28T22:38:13" hostname="Ryzen" time="0.021">
  <properties/>
  <testcase name="contextLoads" classname="com.quijotelui.QuijoteLuiApplicationTests" time="0.021"/>
  <system-out><![CDATA[17:38:07.811 [Test worker] DEBUG org.springframework.test.context.junit4.SpringJUnit4ClassRunner - SpringJUnit4ClassRunner constructor called with [class com.quijotelui.QuijoteLuiApplicationTests]
17:38:07.815 [Test worker] DEBUG org.springframework.test.context.BootstrapUtils - Instantiating CacheAwareContextLoaderDelegate from class [org.springframework.test.context.cache.DefaultCacheAwareContextLoaderDelegate]
17:38:07.823 [Test worker] DEBUG org.springframework.test.context.BootstrapUtils - Instantiating BootstrapContext using constructor [public org.springframework.test.context.support.DefaultBootstrapContext(java.lang.Class,org.springframework.test.context.CacheAwareContextLoaderDelegate)]
17:38:07.844 [Test worker] DEBUG org.springframework.test.context.BootstrapUtils - Instantiating TestContextBootstrapper for test class [com.quijotelui.QuijoteLuiApplicationTests] from class [org.springframework.boot.test.context.SpringBootTestContextBootstrapper]
17:38:07.862 [Test worker] INFO org.springframework.boot.test.context.SpringBootTestContextBootstrapper - Neither @ContextConfiguration nor @ContextHierarchy found for test class [com.quijotelui.QuijoteLuiApplicationTests], using SpringBootContextLoader
17:38:07.865 [Test worker] DEBUG org.springframework.test.context.support.AbstractContextLoader - Did not detect default resource location for test class [com.quijotelui.QuijoteLuiApplicationTests]: class path resource [com/quijotelui/QuijoteLuiApplicationTests-context.xml] does not exist
17:38:07.865 [Test worker] DEBUG org.springframework.test.context.support.AbstractContextLoader - Did not detect default resource location for test class [com.quijotelui.QuijoteLuiApplicationTests]: class path resource [com/quijotelui/QuijoteLuiApplicationTestsContext.groovy] does not exist
17:38:07.866 [Test worker] INFO org.springframework.test.context.support.AbstractContextLoader - Could not detect default resource locations for test class [com.quijotelui.QuijoteLuiApplicationTests]: no resource found for suffixes {-context.xml, Context.groovy}.
17:38:07.866 [Test worker] INFO org.springframework.test.context.support.AnnotationConfigContextLoaderUtils - Could not detect default configuration classes for test class [com.quijotelui.QuijoteLuiApplicationTests]: QuijoteLuiApplicationTests does not declare any static, non-private, non-final, nested classes annotated with @Configuration.
17:38:07.899 [Test worker] DEBUG org.springframework.test.context.support.ActiveProfilesUtils - Could not find an 'annotation declaring class' for annotation type [org.springframework.test.context.ActiveProfiles] and class [com.quijotelui.QuijoteLuiApplicationTests]
17:38:07.908 [Test worker] DEBUG org.springframework.core.env.StandardEnvironment - Adding PropertySource 'systemProperties' with lowest search precedence
17:38:07.909 [Test worker] DEBUG org.springframework.core.env.StandardEnvironment - Adding PropertySource 'systemEnvironment' with lowest search precedence
17:38:07.910 [Test worker] DEBUG org.springframework.core.env.StandardEnvironment - Initialized StandardEnvironment with PropertySources [MapPropertySource@1918458985 {name='systemProperties', properties={java.runtime.name=Java(TM) SE Runtime Environment, sun.boot.library.path=/app/jdk1.8.0_144/jre/lib/amd64, java.vm.version=25.144-b01, java.vm.vendor=Oracle Corporation, java.vendor.url=http://java.oracle.com/, path.separator=:, java.vm.name=Java HotSpot(TM) 64-Bit Server VM, file.encoding.pkg=sun.io, sun.java.launcher=SUN_STANDARD, user.country=US, sun.os.patch.level=unknown, java.vm.specification.name=Java Virtual Machine Specification, user.dir=/data/git/QuijoteLui, java.runtime.version=1.8.0_144-b01, java.awt.graphicsenv=sun.awt.X11GraphicsEnvironment, java.endorsed.dirs=/app/jdk1.8.0_144/jre/lib/endorsed, os.arch=amd64, java.io.tmpdir=/tmp, line.separator=
, java.vm.specification.vendor=Oracle Corporation, user.variant=, os.name=Linux, sun.jnu.encoding=UTF-8, java.library.path=/app/jdk1.8.0_144/jre/lib/amd64:/app/jdk1.8.0_144/jre/lib/i386::/usr/java/packages/lib/amd64:/usr/lib64:/lib64:/lib:/usr/lib, java.specification.name=Java Platform API Specification, java.class.version=52.0, sun.management.compiler=HotSpot 64-Bit Tiered Compilers, os.version=4.10.0-37-generic, user.home=/home/jorgequiguango, user.timezone=America/Guayaquil, java.awt.printerjob=sun.print.PSPrinterJob, file.encoding=UTF-8, java.specification.version=1.8, java.class.path=/data/git/QuijoteLui/build/classes/test:/data/git/QuijoteLui/build/resources/test:/data/git/QuijoteLui/build/classes/main:/data/git/QuijoteLui/build/resources/main:/home/jorgequiguango/.gradle/caches/modules-2/files-2.1/org.springframework.boot/spring-boot-starter-data-jpa/1.5.8.RELEASE/55bb5e8aea5707f79ee9888ad75261a7b7df4654/spring-boot-starter-data-jpa-1.5.8.RELEASE.jar:/home/jorgequiguango/.gradle/caches/modules-2/files-2.1/org.springframework.boot/spring-boot-starter-web/1.5.8.RELEASE/7e0dc79e3b47be4539ad3c033639133ae6b7a17e/spring-boot-starter-web-1.5.8.RELEASE.jar:/home/jorgequiguango/.m2/repository/org/jetbrains/kotlin/kotlin-stdlib-jre8/1.1.51/kotlin-stdlib-jre8-1.1.51.jar:/home/jorgequiguango/.m2/repository/org/jetbrains/kotlin/kotlin-reflect/1.1.51/kotlin-reflect-1.1.51.jar:/home/jorgequiguango/.m2/repository/com/oracle/ojdbc6/11.2.0/ojdbc6-11.2.0.jar:/home/jorgequiguango/.gradle/caches/modules-2/files-2.1/org.springframework.boot/spring-boot-starter-test/1.5.8.RELEASE/20b767f594924b32950286f1236ab7d68ff861f9/spring-boot-starter-test-1.5.8.RELEASE.jar:/home/jorgequiguango/.gradle/caches/modules-2/files-2.1/org.springframework.boot/spring-boot-starter/1.5.8.RELEASE/18048efe1f06569022a53cc3fb2fe9c0162935a3/spring-boot-starter-1.5.8.RELEASE.jar:/home/jorgequiguango/.gradle/caches/modules-2/files-2.1/org.springframework.boot/spring-boot-starter-aop/1.5.8.RELEASE/9bc9a40e0718726ed48f6becc509b2d186f1ebcc/spring-boot-starter-aop-1.5.8.RELEASE.jar:/home/jorgequiguango/.gradle/caches/modules-2/files-2.1/org.springframework.boot/spring-boot-starter-jdbc/1.5.8.RELEASE/fc98631eba9817c920b9ac1c5845214f49637a33/spring-boot-starter-jdbc-1.5.8.RELEASE.jar:/home/jorgequiguango/.m2/repository/org/hibernate/hibernate-core/5.0.12.Final/hibernate-core-5.0.12.Final.jar:/home/jorgequiguango/.m2/repository/org/hibernate/hibernate-entitymanager/5.0.12.Final/hibernate-entitymanager-5.0.12.Final.jar:/home/jorgequiguango/.m2/repository/javax/transaction/javax.transaction-api/1.2/javax.transaction-api-1.2.jar:/home/jorgequiguango/.gradle/caches/modules-2/files-2.1/org.springframework.data/spring-data-jpa/1.11.8.RELEASE/d674b8407de3d2998c106557fd6a6665de2bc217/spring-data-jpa-1.11.8.RELEASE.jar:/home/jorgequiguango/.gradle/caches/modules-2/files-2.1/org.springframework/spring-aspects/4.3.12.RELEASE/b0002bfdd0d58f09fc178afc5f2d0553ff117840/spring-aspects-4.3.12.RELEASE.jar:/home/jorgequiguango/.gradle/caches/modules-2/files-2.1/org.springframework.boot/spring-boot-starter-tomcat/1.5.8.RELEASE/cf3b7eb7e192a60ab1dd09e4f8bce82710a5feb0/spring-boot-starter-tomcat-1.5.8.RELEASE.jar:/home/jorgequiguango/.m2/repository/org/hibernate/hibernate-validator/5.3.5.Final/hibernate-validator-5.3.5.Final.jar:/home/jorgequiguango/.m2/repository/com/fasterxml/jackson/core/jackson-databind/2.8.10/jackson-databind-2.8.10.jar:/home/jorgequiguango/.gradle/caches/modules-2/files-2.1/org.springframework/spring-web/4.3.12.RELEASE/86c29588cca74d0fc848b194cb13fcdfd12bc990/spring-web-4.3.12.RELEASE.jar:/home/jorgequiguango/.gradle/caches/modules-2/files-2.1/org.springframework/spring-webmvc/4.3.12.RELEASE/986e5dcd4435e780f6be64f8185eaa51523cf851/spring-webmvc-4.3.12.RELEASE.jar:/home/jorgequiguango/.m2/repository/org/jetbrains/kotlin/kotlin-stdlib/1.1.51/kotlin-stdlib-1.1.51.jar:/home/jorgequiguango/.m2/repository/org/jetbrains/kotlin/kotlin-stdlib-jre7/1.1.51/kotlin-stdlib-jre7-1.1.51.jar:/home/jorgequiguango/.gradle/caches/modules-2/files-2.1/org.springframework.boot/spring-boot-test/1.5.8.RELEASE/17dedee86d1a9e9bd409d715fd90650ca1049659/spring-boot-test-1.5.8.RELEASE.jar:/home/jorgequiguango/.gradle/caches/modules-2/files-2.1/org.springframework.boot/spring-boot-test-autoconfigure/1.5.8.RELEASE/a8f986cc4b6ecef1417fe50c20984f12f54d15cc/spring-boot-test-autoconfigure-1.5.8.RELEASE.jar:/home/jorgequiguango/.m2/repository/com/jayway/jsonpath/json-path/2.2.0/json-path-2.2.0.jar:/home/jorgequiguango/.m2/repository/junit/junit/4.12/junit-4.12.jar:/home/jorgequiguango/.m2/repository/org/assertj/assertj-core/2.6.0/assertj-core-2.6.0.jar:/home/jorgequiguango/.m2/repository/org/mockito/mockito-core/1.10.19/mockito-core-1.10.19.jar:/home/jorgequiguango/.m2/repository/org/hamcrest/hamcrest-core/1.3/hamcrest-core-1.3.jar:/home/jorgequiguango/.m2/repository/org/hamcrest/hamcrest-library/1.3/hamcrest-library-1.3.jar:/home/jorgequiguango/.m2/repository/org/skyscreamer/jsonassert/1.4.0/jsonassert-1.4.0.jar:/home/jorgequiguango/.gradle/caches/modules-2/files-2.1/org.springframework/spring-core/4.3.12.RELEASE/4cebc69478c6d350dbd5af28e3db7d5694f416e3/spring-core-4.3.12.RELEASE.jar:/home/jorgequiguango/.gradle/caches/modules-2/files-2.1/org.springframework/spring-test/4.3.12.RELEASE/825a7ac1014528db722a6cc94cceaef2410cb314/spring-test-4.3.12.RELEASE.jar:/home/jorgequiguango/.gradle/caches/modules-2/files-2.1/org.springframework.boot/spring-boot/1.5.8.RELEASE/748ebde51761e12627ad23d064024f342b18f9b4/spring-boot-1.5.8.RELEASE.jar:/home/jorgequiguango/.gradle/caches/modules-2/files-2.1/org.springframework.boot/spring-boot-autoconfigure/1.5.8.RELEASE/e4f2efa4c319f4e3613d94fbccfdb5ccda6873e3/spring-boot-autoconfigure-1.5.8.RELEASE.jar:/home/jorgequiguango/.gradle/caches/modules-2/files-2.1/org.springframework.boot/spring-boot-starter-logging/1.5.8.RELEASE/ebc00a0e46753d90431fdcc5e3d6b9fd3bf1564a/spring-boot-starter-logging-1.5.8.RELEASE.jar:/home/jorgequiguango/.m2/repository/org/yaml/snakeyaml/1.17/snakeyaml-1.17.jar:/home/jorgequiguango/.gradle/caches/modules-2/files-2.1/org.springframework/spring-aop/4.3.12.RELEASE/b3fef085902993c2ef874c45c7bfd79296d5a5a4/spring-aop-4.3.12.RELEASE.jar:/home/jorgequiguango/.gradle/caches/modules-2/files-2.1/org.aspectj/aspectjweaver/1.8.11/9807e0e13c8a295f15882721db50fa3d142c44a9/aspectjweaver-1.8.11.jar:/home/jorgequiguango/.gradle/caches/modules-2/files-2.1/org.apache.tomcat/tomcat-jdbc/8.5.23/6036400a8f2d90dd3ae3a4d09e5136c56002887b/tomcat-jdbc-8.5.23.jar:/home/jorgequiguango/.gradle/caches/modules-2/files-2.1/org.springframework/spring-jdbc/4.3.12.RELEASE/5c840abbdc1a1dfd0f79c4a4c25eac0c98e6af22/spring-jdbc-4.3.12.RELEASE.jar:/home/jorgequiguango/.m2/repository/org/jboss/logging/jboss-logging/3.3.1.Final/jboss-logging-3.3.1.Final.jar:/home/jorgequiguango/.m2/repository/org/hibernate/javax/persistence/hibernate-jpa-2.1-api/1.0.0.Final/hibernate-jpa-2.1-api-1.0.0.Final.jar:/home/jorgequiguango/.m2/repository/org/javassist/javassist/3.21.0-GA/javassist-3.21.0-GA.jar:/home/jorgequiguango/.m2/repository/antlr/antlr/2.7.7/antlr-2.7.7.jar:/home/jorgequiguango/.m2/repository/org/jboss/jandex/2.0.0.Final/jandex-2.0.0.Final.jar:/home/jorgequiguango/.m2/repository/dom4j/dom4j/1.6.1/dom4j-1.6.1.jar:/home/jorgequiguango/.m2/repository/org/hibernate/common/hibernate-commons-annotations/5.0.1.Final/hibernate-commons-annotations-5.0.1.Final.jar:/home/jorgequiguango/.gradle/caches/modules-2/files-2.1/org.springframework.data/spring-data-commons/1.13.8.RELEASE/2853e3c38e02d42529f6c8b247d7bace40c25642/spring-data-commons-1.13.8.RELEASE.jar:/home/jorgequiguango/.gradle/caches/modules-2/files-2.1/org.springframework/spring-orm/4.3.12.RELEASE/47bbe35a92944aeedf06a388098581272f8db9bd/spring-orm-4.3.12.RELEASE.jar:/home/jorgequiguango/.gradle/caches/modules-2/files-2.1/org.springframework/spring-context/4.3.12.RELEASE/5e6d26f36636f36b7efec1d6a0c5991284fbd95b/spring-context-4.3.12.RELEASE.jar:/home/jorgequiguango/.gradle/caches/modules-2/files-2.1/org.springframework/spring-tx/4.3.12.RELEASE/7147b6839b2bf9db3621b79c73b4dddbe69572b6/spring-tx-4.3.12.RELEASE.jar:/home/jorgequiguango/.gradle/caches/modules-2/files-2.1/org.springframework/spring-beans/4.3.12.RELEASE/547dd432d47d0f01d9ccbedc4b705f9f7c1240a/spring-beans-4.3.12.RELEASE.jar:/home/jorgequiguango/.m2/repository/org/slf4j/slf4j-api/1.7.25/slf4j-api-1.7.25.jar:/home/jorgequiguango/.m2/repository/org/slf4j/jcl-over-slf4j/1.7.25/jcl-over-slf4j-1.7.25.jar:/home/jorgequiguango/.gradle/caches/modules-2/files-2.1/org.apache.tomcat.embed/tomcat-embed-core/8.5.23/79261793a47f507890ee08f749b9d81774e4f7f0/tomcat-embed-core-8.5.23.jar:/home/jorgequiguango/.gradle/caches/modules-2/files-2.1/org.apache.tomcat.embed/tomcat-embed-el/8.5.23/98d979cde444dffa6d434c8377d0123b2dfa614c/tomcat-embed-el-8.5.23.jar:/home/jorgequiguango/.gradle/caches/modules-2/files-2.1/org.apache.tomcat.embed/tomcat-embed-websocket/8.5.23/52f07abcae10dc7e1764304b0877def175c2c833/tomcat-embed-websocket-8.5.23.jar:/home/jorgequiguango/.m2/repository/javax/validation/validation-api/1.1.0.Final/validation-api-1.1.0.Final.jar:/home/jorgequiguango/.m2/repository/com/fasterxml/classmate/1.3.4/classmate-1.3.4.jar:/home/jorgequiguango/.m2/repository/com/fasterxml/jackson/core/jackson-annotations/2.8.0/jackson-annotations-2.8.0.jar:/home/jorgequiguango/.m2/repository/com/fasterxml/jackson/core/jackson-core/2.8.10/jackson-core-2.8.10.jar:/home/jorgequiguango/.gradle/caches/modules-2/files-2.1/org.springframework/spring-expression/4.3.12.RELEASE/790f69f6ad7f9da8d4a92c603ad7244c398c8309/spring-expression-4.3.12.RELEASE.jar:/home/jorgequiguango/.m2/repository/org/jetbrains/annotations/13.0/annotations-13.0.jar:/home/jorgequiguango/.m2/repository/net/minidev/json-smart/2.2.1/json-smart-2.2.1.jar:/home/jorgequiguango/.m2/repository/org/objenesis/objenesis/2.1/objenesis-2.1.jar:/home/jorgequiguango/.m2/repository/com/vaadin/external/google/android-json/0.0.20131108.vaadin1/android-json-0.0.20131108.vaadin1.jar:/home/jorgequiguango/.m2/repository/ch/qos/logback/logback-classic/1.1.11/logback-classic-1.1.11.jar:/home/jorgequiguango/.m2/repository/org/slf4j/jul-to-slf4j/1.7.25/jul-to-slf4j-1.7.25.jar:/home/jorgequiguango/.m2/repository/org/slf4j/log4j-over-slf4j/1.7.25/log4j-over-slf4j-1.7.25.jar:/home/jorgequiguango/.gradle/caches/modules-2/files-2.1/org.apache.tomcat/tomcat-juli/8.5.23/98e7f0610b7b2fb8303f11be0210e3f5a56a7d55/tomcat-juli-8.5.23.jar:/home/jorgequiguango/.gradle/caches/modules-2/files-2.1/org.apache.tomcat/tomcat-annotations-api/8.5.23/aaf17df9fe0240e9e9d5375d24d5f177174b73d9/tomcat-annotations-api-8.5.23.jar:/home/jorgequiguango/.m2/repository/net/minidev/accessors-smart/1.1/accessors-smart-1.1.jar:/home/jorgequiguango/.m2/repository/ch/qos/logback/logback-core/1.1.11/logback-core-1.1.11.jar:/home/jorgequiguango/.m2/repository/org/ow2/asm/asm/5.0.3/asm-5.0.3.jar, user.name=jorgequiguango, java.vm.specification.version=1.8, sun.java.command=worker.org.gradle.process.internal.worker.GradleWorkerMain 'Gradle Test Executor 1', java.home=/app/jdk1.8.0_144/jre, sun.arch.data.model=64, user.language=en, java.specification.vendor=Oracle Corporation, awt.toolkit=sun.awt.X11.XToolkit, java.vm.info=mixed mode, java.version=1.8.0_144, java.ext.dirs=/app/jdk1.8.0_144/jre/lib/ext:/usr/java/packages/lib/ext, sun.boot.class.path=/app/jdk1.8.0_144/jre/lib/resources.jar:/app/jdk1.8.0_144/jre/lib/rt.jar:/app/jdk1.8.0_144/jre/lib/sunrsasign.jar:/app/jdk1.8.0_144/jre/lib/jsse.jar:/app/jdk1.8.0_144/jre/lib/jce.jar:/app/jdk1.8.0_144/jre/lib/charsets.jar:/app/jdk1.8.0_144/jre/lib/jfr.jar:/app/jdk1.8.0_144/jre/classes, java.vendor=Oracle Corporation, org.gradle.test.worker=1, file.separator=/, java.vendor.url.bug=http://bugreport.sun.com/bugreport/, sun.io.unicode.encoding=UnicodeLittle, sun.cpu.endian=little, sun.cpu.isalist=}}, SystemEnvironmentPropertySource@970434186 {name='systemEnvironment', properties={PATH=/usr/local/sbin:/usr/local/bin:/usr/sbin:/usr/bin:/sbin:/bin:/usr/games:/usr/local/games:/snap/bin:/opt/mssql-tools/bin, XAUTHORITY=/home/jorgequiguango/.Xauthority, LC_MEASUREMENT=es_EC.UTF-8, LC_TELEPHONE=es_EC.UTF-8, XDG_DATA_DIRS=/usr/share//usr/share/xsessions/plasma:/home/jorgequiguango/.local/share/flatpak/exports/share:/var/lib/flatpak/exports/share:/usr/local/share:/usr/share:/var/lib/snapd/desktop, MANDATORY_PATH=/usr/share/gconf//usr/share/xsessions/plasma.mandatory.path, LC_TIME=es_EC.UTF-8, DBUS_SESSION_BUS_ADDRESS=unix:abstract=/tmp/dbus-cB7AfJiS2z,guid=b38297b25c2a29da80aacf2f59f4edc6, DEFAULTS_PATH=/usr/share/gconf//usr/share/xsessions/plasma.default.path, XDG_CURRENT_DESKTOP=KDE, QT_AUTO_SCREEN_SCALE_FACTOR=0, SSH_AGENT_PID=1954, LD_LIBRARY_PATH=/app/jdk1.8.0_144/jre/lib/amd64:/app/jdk1.8.0_144/jre/lib/i386:, SESSION_MANAGER=local/Ryzen:@/tmp/.ICE-unix/2188,unix/Ryzen:/tmp/.ICE-unix/2188, QT_LINUX_ACCESSIBILITY_ALWAYS_ON=1, LC_PAPER=es_EC.UTF-8, LOGNAME=jorgequiguango, PWD=/home/jorgequiguango, PAM_KWALLET5_LOGIN=/run/user/1000/kwallet5.socket, XCURSOR_THEME=breeze_cursors, KDE_SESSION_VERSION=5, SHELL=/bin/bash, LC_ADDRESS=es_EC.UTF-8, KDE_FULL_SESSION=true, XDG_SESSION_PATH=/org/freedesktop/DisplayManager/Session1, XDG_SESSION_DESKTOP=KDE, SHLVL=1, LC_IDENTIFICATION=es_EC.UTF-8, J2D_PIXMAPS=shared, LC_MONETARY=es_EC.UTF-8, KDE_SESSION_UID=1000, XFILESEARCHPATH=/usr/dt/app-defaults/%L/Dt, XDG_CONFIG_DIRS=/etc/xdg/xdg-/usr/share/xsessions/plasma:/etc/xdg, LANG=en_US.UTF-8, XDG_SEAT_PATH=/org/freedesktop/DisplayManager/Seat0, XDG_SESSION_TYPE=x11, XDG_SESSION_ID=2, NB_DESKTOP_STARTUP_ID=Ryzen;1509229834;212260;2228_TIME5976648, DISPLAY=:0, LC_NAME=es_EC.UTF-8, _=/app/jdk1.8.0_144/bin/java, XDG_SESSION_CLASS=user, DESKTOP_SESSION=/usr/share/xsessions/plasma, USER=jorgequiguango, QT_ACCESSIBILITY=1, LC_NUMERIC=es_EC.UTF-8, XDG_SEAT=seat0, SSH_AUTH_SOCK=/tmp/ssh-YFaxJycDIhjP/agent.1904, GS_LIB=/home/jorgequiguango/.fonts, NLSPATH=/usr/dt/lib/nls/msg/%L/%N.cat, XDG_RUNTIME_DIR=/run/user/1000, XDG_VTNR=7, HOME=/home/jorgequiguango}}]
17:38:07.920 [Test worker] DEBUG org.springframework.core.io.support.PathMatchingResourcePatternResolver - Resolved classpath location [com/quijotelui/] to resources [URL [file:/data/git/QuijoteLui/build/classes/test/com/quijotelui/], URL [file:/data/git/QuijoteLui/build/classes/main/com/quijotelui/]]
17:38:07.921 [Test worker] DEBUG org.springframework.core.io.support.PathMatchingResourcePatternResolver - Looking for matching resources in directory tree [/data/git/QuijoteLui/build/classes/test/com/quijotelui]
17:38:07.921 [Test worker] DEBUG org.springframework.core.io.support.PathMatchingResourcePatternResolver - Searching directory [/data/git/QuijoteLui/build/classes/test/com/quijotelui] for files matching pattern [/data/git/QuijoteLui/build/classes/test/com/quijotelui/*.class]
17:38:07.924 [Test worker] DEBUG org.springframework.core.io.support.PathMatchingResourcePatternResolver - Looking for matching resources in directory tree [/data/git/QuijoteLui/build/classes/main/com/quijotelui]
17:38:07.924 [Test worker] DEBUG org.springframework.core.io.support.PathMatchingResourcePatternResolver - Searching directory [/data/git/QuijoteLui/build/classes/main/com/quijotelui] for files matching pattern [/data/git/QuijoteLui/build/classes/main/com/quijotelui/*.class]
17:38:07.925 [Test worker] DEBUG org.springframework.core.io.support.PathMatchingResourcePatternResolver - Resolved location pattern [classpath*:com/quijotelui/*.class] to resources [file [/data/git/QuijoteLui/build/classes/test/com/quijotelui/QuijoteLuiApplicationTests.class], file [/data/git/QuijoteLui/build/classes/main/com/quijotelui/QuijoteLuiApplication.class], file [/data/git/QuijoteLui/build/classes/main/com/quijotelui/QuijoteLuiApplicationKt.class]]
17:38:07.963 [Test worker] DEBUG org.springframework.context.annotation.ClassPathScanningCandidateComponentProvider - Identified candidate component class: file [/data/git/QuijoteLui/build/classes/main/com/quijotelui/QuijoteLuiApplication.class]
17:38:07.967 [Test worker] INFO org.springframework.boot.test.context.SpringBootTestContextBootstrapper - Found @SpringBootConfiguration com.quijotelui.QuijoteLuiApplication for test class com.quijotelui.QuijoteLuiApplicationTests
17:38:07.970 [Test worker] DEBUG org.springframework.boot.test.context.SpringBootTestContextBootstrapper - @TestExecutionListeners is not present for class [com.quijotelui.QuijoteLuiApplicationTests]: using defaults.
17:38:07.973 [Test worker] INFO org.springframework.boot.test.context.SpringBootTestContextBootstrapper - Loaded default TestExecutionListener class names from location [META-INF/spring.factories]: [org.springframework.boot.test.mock.mockito.MockitoTestExecutionListener, org.springframework.boot.test.mock.mockito.ResetMocksTestExecutionListener, org.springframework.boot.test.autoconfigure.restdocs.RestDocsTestExecutionListener, org.springframework.boot.test.autoconfigure.web.client.MockRestServiceServerResetTestExecutionListener, org.springframework.boot.test.autoconfigure.web.servlet.MockMvcPrintOnlyOnFailureTestExecutionListener, org.springframework.boot.test.autoconfigure.web.servlet.WebDriverTestExecutionListener, org.springframework.test.context.web.ServletTestExecutionListener, org.springframework.test.context.support.DirtiesContextBeforeModesTestExecutionListener, org.springframework.test.context.support.DependencyInjectionTestExecutionListener, org.springframework.test.context.support.DirtiesContextTestExecutionListener, org.springframework.test.context.transaction.TransactionalTestExecutionListener, org.springframework.test.context.jdbc.SqlScriptsTestExecutionListener]
17:38:07.987 [Test worker] INFO org.springframework.boot.test.context.SpringBootTestContextBootstrapper - Using TestExecutionListeners: [org.springframework.test.context.web.ServletTestExecutionListener@428bb875, org.springframework.test.context.support.DirtiesContextBeforeModesTestExecutionListener@53d20312, org.springframework.boot.test.autoconfigure.SpringBootDependencyInjectionTestExecutionListener@3fa5e5b6, org.springframework.test.context.support.DirtiesContextTestExecutionListener@716b5742, org.springframework.test.context.transaction.TransactionalTestExecutionListener@6ebc010a, org.springframework.test.context.jdbc.SqlScriptsTestExecutionListener@2d35455c, org.springframework.boot.test.autoconfigure.web.servlet.WebDriverTestExecutionListener@3d2d8d19, org.springframework.boot.test.mock.mockito.MockitoTestExecutionListener@16d71cb9, org.springframework.boot.test.autoconfigure.web.servlet.MockMvcPrintOnlyOnFailureTestExecutionListener@186dfb38, org.springframework.boot.test.autoconfigure.restdocs.RestDocsTestExecutionListener@1f7542cc, org.springframework.boot.test.autoconfigure.web.client.MockRestServiceServerResetTestExecutionListener@4e61417e, org.springframework.boot.test.mock.mockito.ResetMocksTestExecutionListener@60fdaedf]
17:38:07.989 [Test worker] DEBUG org.springframework.test.annotation.ProfileValueUtils - Retrieved @ProfileValueSourceConfiguration [null] for test class [com.quijotelui.QuijoteLuiApplicationTests]
17:38:07.989 [Test worker] DEBUG org.springframework.test.annotation.ProfileValueUtils - Retrieved ProfileValueSource type [class org.springframework.test.annotation.SystemProfileValueSource] for class [com.quijotelui.QuijoteLuiApplicationTests]
17:38:07.990 [Test worker] DEBUG org.springframework.test.annotation.ProfileValueUtils - Retrieved @ProfileValueSourceConfiguration [null] for test class [com.quijotelui.QuijoteLuiApplicationTests]
17:38:07.990 [Test worker] DEBUG org.springframework.test.annotation.ProfileValueUtils - Retrieved ProfileValueSource type [class org.springframework.test.annotation.SystemProfileValueSource] for class [com.quijotelui.QuijoteLuiApplicationTests]
17:38:07.994 [Test worker] DEBUG org.springframework.test.context.support.AbstractDirtiesContextTestExecutionListener - Before test class: context [DefaultTestContext@eddbe59 testClass = QuijoteLuiApplicationTests, testInstance = [null], testMethod = [null], testException = [null], mergedContextConfiguration = [WebMergedContextConfiguration@195397e6 testClass = QuijoteLuiApplicationTests, locations = '{}', classes = '{class com.quijotelui.QuijoteLuiApplication}', contextInitializerClasses = '[]', activeProfiles = '{}', propertySourceLocations = '{}', propertySourceProperties = '{org.springframework.boot.test.context.SpringBootTestContextBootstrapper=true}', contextCustomizers = set[org.springframework.boot.test.context.SpringBootTestContextCustomizer@6f8288c8, org.springframework.boot.test.context.filter.ExcludeFilterContextCustomizer@40fc4037, org.springframework.boot.test.json.DuplicateJsonObjectContextCustomizerFactory$DuplicateJsonObjectContextCustomizer@9382de4, org.springframework.boot.test.mock.mockito.MockitoContextCustomizer@0, org.springframework.boot.test.autoconfigure.properties.PropertyMappingContextCustomizer@0, org.springframework.boot.test.autoconfigure.web.servlet.WebDriverContextCustomizerFactory$Customizer@4491f0d5], resourceBasePath = 'src/main/webapp', contextLoader = 'org.springframework.boot.test.context.SpringBootContextLoader', parent = [null]]], class annotated with @DirtiesContext [false] with mode [null].
17:38:07.994 [Test worker] DEBUG org.springframework.test.annotation.ProfileValueUtils - Retrieved @ProfileValueSourceConfiguration [null] for test class [com.quijotelui.QuijoteLuiApplicationTests]
17:38:07.994 [Test worker] DEBUG org.springframework.test.annotation.ProfileValueUtils - Retrieved ProfileValueSource type [class org.springframework.test.annotation.SystemProfileValueSource] for class [com.quijotelui.QuijoteLuiApplicationTests]
17:38:08.038 [Test worker] DEBUG org.springframework.core.env.StandardEnvironment - Adding PropertySource 'systemProperties' with lowest search precedence
17:38:08.038 [Test worker] DEBUG org.springframework.core.env.StandardEnvironment - Adding PropertySource 'systemEnvironment' with lowest search precedence
17:38:08.038 [Test worker] DEBUG org.springframework.core.env.StandardEnvironment - Initialized StandardEnvironment with PropertySources [MapPropertySource@1686693253 {name='systemProperties', properties={java.runtime.name=Java(TM) SE Runtime Environment, sun.boot.library.path=/app/jdk1.8.0_144/jre/lib/amd64, java.vm.version=25.144-b01, java.vm.vendor=Oracle Corporation, java.vendor.url=http://java.oracle.com/, path.separator=:, java.vm.name=Java HotSpot(TM) 64-Bit Server VM, file.encoding.pkg=sun.io, sun.java.launcher=SUN_STANDARD, user.country=US, sun.os.patch.level=unknown, java.vm.specification.name=Java Virtual Machine Specification, user.dir=/data/git/QuijoteLui, java.runtime.version=1.8.0_144-b01, java.awt.graphicsenv=sun.awt.X11GraphicsEnvironment, java.endorsed.dirs=/app/jdk1.8.0_144/jre/lib/endorsed, os.arch=amd64, java.io.tmpdir=/tmp, line.separator=
, java.vm.specification.vendor=Oracle Corporation, user.variant=, os.name=Linux, sun.jnu.encoding=UTF-8, java.library.path=/app/jdk1.8.0_144/jre/lib/amd64:/app/jdk1.8.0_144/jre/lib/i386::/usr/java/packages/lib/amd64:/usr/lib64:/lib64:/lib:/usr/lib, java.specification.name=Java Platform API Specification, java.class.version=52.0, sun.management.compiler=HotSpot 64-Bit Tiered Compilers, os.version=4.10.0-37-generic, user.home=/home/jorgequiguango, user.timezone=America/Guayaquil, java.awt.printerjob=sun.print.PSPrinterJob, file.encoding=UTF-8, java.specification.version=1.8, java.class.path=/data/git/QuijoteLui/build/classes/test:/data/git/QuijoteLui/build/resources/test:/data/git/QuijoteLui/build/classes/main:/data/git/QuijoteLui/build/resources/main:/home/jorgequiguango/.gradle/caches/modules-2/files-2.1/org.springframework.boot/spring-boot-starter-data-jpa/1.5.8.RELEASE/55bb5e8aea5707f79ee9888ad75261a7b7df4654/spring-boot-starter-data-jpa-1.5.8.RELEASE.jar:/home/jorgequiguango/.gradle/caches/modules-2/files-2.1/org.springframework.boot/spring-boot-starter-web/1.5.8.RELEASE/7e0dc79e3b47be4539ad3c033639133ae6b7a17e/spring-boot-starter-web-1.5.8.RELEASE.jar:/home/jorgequiguango/.m2/repository/org/jetbrains/kotlin/kotlin-stdlib-jre8/1.1.51/kotlin-stdlib-jre8-1.1.51.jar:/home/jorgequiguango/.m2/repository/org/jetbrains/kotlin/kotlin-reflect/1.1.51/kotlin-reflect-1.1.51.jar:/home/jorgequiguango/.m2/repository/com/oracle/ojdbc6/11.2.0/ojdbc6-11.2.0.jar:/home/jorgequiguango/.gradle/caches/modules-2/files-2.1/org.springframework.boot/spring-boot-starter-test/1.5.8.RELEASE/20b767f594924b32950286f1236ab7d68ff861f9/spring-boot-starter-test-1.5.8.RELEASE.jar:/home/jorgequiguango/.gradle/caches/modules-2/files-2.1/org.springframework.boot/spring-boot-starter/1.5.8.RELEASE/18048efe1f06569022a53cc3fb2fe9c0162935a3/spring-boot-starter-1.5.8.RELEASE.jar:/home/jorgequiguango/.gradle/caches/modules-2/files-2.1/org.springframework.boot/spring-boot-starter-aop/1.5.8.RELEASE/9bc9a40e0718726ed48f6becc509b2d186f1ebcc/spring-boot-starter-aop-1.5.8.RELEASE.jar:/home/jorgequiguango/.gradle/caches/modules-2/files-2.1/org.springframework.boot/spring-boot-starter-jdbc/1.5.8.RELEASE/fc98631eba9817c920b9ac1c5845214f49637a33/spring-boot-starter-jdbc-1.5.8.RELEASE.jar:/home/jorgequiguango/.m2/repository/org/hibernate/hibernate-core/5.0.12.Final/hibernate-core-5.0.12.Final.jar:/home/jorgequiguango/.m2/repository/org/hibernate/hibernate-entitymanager/5.0.12.Final/hibernate-entitymanager-5.0.12.Final.jar:/home/jorgequiguango/.m2/repository/javax/transaction/javax.transaction-api/1.2/javax.transaction-api-1.2.jar:/home/jorgequiguango/.gradle/caches/modules-2/files-2.1/org.springframework.data/spring-data-jpa/1.11.8.RELEASE/d674b8407de3d2998c106557fd6a6665de2bc217/spring-data-jpa-1.11.8.RELEASE.jar:/home/jorgequiguango/.gradle/caches/modules-2/files-2.1/org.springframework/spring-aspects/4.3.12.RELEASE/b0002bfdd0d58f09fc178afc5f2d0553ff117840/spring-aspects-4.3.12.RELEASE.jar:/home/jorgequiguango/.gradle/caches/modules-2/files-2.1/org.springframework.boot/spring-boot-starter-tomcat/1.5.8.RELEASE/cf3b7eb7e192a60ab1dd09e4f8bce82710a5feb0/spring-boot-starter-tomcat-1.5.8.RELEASE.jar:/home/jorgequiguango/.m2/repository/org/hibernate/hibernate-validator/5.3.5.Final/hibernate-validator-5.3.5.Final.jar:/home/jorgequiguango/.m2/repository/com/fasterxml/jackson/core/jackson-databind/2.8.10/jackson-databind-2.8.10.jar:/home/jorgequiguango/.gradle/caches/modules-2/files-2.1/org.springframework/spring-web/4.3.12.RELEASE/86c29588cca74d0fc848b194cb13fcdfd12bc990/spring-web-4.3.12.RELEASE.jar:/home/jorgequiguango/.gradle/caches/modules-2/files-2.1/org.springframework/spring-webmvc/4.3.12.RELEASE/986e5dcd4435e780f6be64f8185eaa51523cf851/spring-webmvc-4.3.12.RELEASE.jar:/home/jorgequiguango/.m2/repository/org/jetbrains/kotlin/kotlin-stdlib/1.1.51/kotlin-stdlib-1.1.51.jar:/home/jorgequiguango/.m2/repository/org/jetbrains/kotlin/kotlin-stdlib-jre7/1.1.51/kotlin-stdlib-jre7-1.1.51.jar:/home/jorgequiguango/.gradle/caches/modules-2/files-2.1/org.springframework.boot/spring-boot-test/1.5.8.RELEASE/17dedee86d1a9e9bd409d715fd90650ca1049659/spring-boot-test-1.5.8.RELEASE.jar:/home/jorgequiguango/.gradle/caches/modules-2/files-2.1/org.springframework.boot/spring-boot-test-autoconfigure/1.5.8.RELEASE/a8f986cc4b6ecef1417fe50c20984f12f54d15cc/spring-boot-test-autoconfigure-1.5.8.RELEASE.jar:/home/jorgequiguango/.m2/repository/com/jayway/jsonpath/json-path/2.2.0/json-path-2.2.0.jar:/home/jorgequiguango/.m2/repository/junit/junit/4.12/junit-4.12.jar:/home/jorgequiguango/.m2/repository/org/assertj/assertj-core/2.6.0/assertj-core-2.6.0.jar:/home/jorgequiguango/.m2/repository/org/mockito/mockito-core/1.10.19/mockito-core-1.10.19.jar:/home/jorgequiguango/.m2/repository/org/hamcrest/hamcrest-core/1.3/hamcrest-core-1.3.jar:/home/jorgequiguango/.m2/repository/org/hamcrest/hamcrest-library/1.3/hamcrest-library-1.3.jar:/home/jorgequiguango/.m2/repository/org/skyscreamer/jsonassert/1.4.0/jsonassert-1.4.0.jar:/home/jorgequiguango/.gradle/caches/modules-2/files-2.1/org.springframework/spring-core/4.3.12.RELEASE/4cebc69478c6d350dbd5af28e3db7d5694f416e3/spring-core-4.3.12.RELEASE.jar:/home/jorgequiguango/.gradle/caches/modules-2/files-2.1/org.springframework/spring-test/4.3.12.RELEASE/825a7ac1014528db722a6cc94cceaef2410cb314/spring-test-4.3.12.RELEASE.jar:/home/jorgequiguango/.gradle/caches/modules-2/files-2.1/org.springframework.boot/spring-boot/1.5.8.RELEASE/748ebde51761e12627ad23d064024f342b18f9b4/spring-boot-1.5.8.RELEASE.jar:/home/jorgequiguango/.gradle/caches/modules-2/files-2.1/org.springframework.boot/spring-boot-autoconfigure/1.5.8.RELEASE/e4f2efa4c319f4e3613d94fbccfdb5ccda6873e3/spring-boot-autoconfigure-1.5.8.RELEASE.jar:/home/jorgequiguango/.gradle/caches/modules-2/files-2.1/org.springframework.boot/spring-boot-starter-logging/1.5.8.RELEASE/ebc00a0e46753d90431fdcc5e3d6b9fd3bf1564a/spring-boot-starter-logging-1.5.8.RELEASE.jar:/home/jorgequiguango/.m2/repository/org/yaml/snakeyaml/1.17/snakeyaml-1.17.jar:/home/jorgequiguango/.gradle/caches/modules-2/files-2.1/org.springframework/spring-aop/4.3.12.RELEASE/b3fef085902993c2ef874c45c7bfd79296d5a5a4/spring-aop-4.3.12.RELEASE.jar:/home/jorgequiguango/.gradle/caches/modules-2/files-2.1/org.aspectj/aspectjweaver/1.8.11/9807e0e13c8a295f15882721db50fa3d142c44a9/aspectjweaver-1.8.11.jar:/home/jorgequiguango/.gradle/caches/modules-2/files-2.1/org.apache.tomcat/tomcat-jdbc/8.5.23/6036400a8f2d90dd3ae3a4d09e5136c56002887b/tomcat-jdbc-8.5.23.jar:/home/jorgequiguango/.gradle/caches/modules-2/files-2.1/org.springframework/spring-jdbc/4.3.12.RELEASE/5c840abbdc1a1dfd0f79c4a4c25eac0c98e6af22/spring-jdbc-4.3.12.RELEASE.jar:/home/jorgequiguango/.m2/repository/org/jboss/logging/jboss-logging/3.3.1.Final/jboss-logging-3.3.1.Final.jar:/home/jorgequiguango/.m2/repository/org/hibernate/javax/persistence/hibernate-jpa-2.1-api/1.0.0.Final/hibernate-jpa-2.1-api-1.0.0.Final.jar:/home/jorgequiguango/.m2/repository/org/javassist/javassist/3.21.0-GA/javassist-3.21.0-GA.jar:/home/jorgequiguango/.m2/repository/antlr/antlr/2.7.7/antlr-2.7.7.jar:/home/jorgequiguango/.m2/repository/org/jboss/jandex/2.0.0.Final/jandex-2.0.0.Final.jar:/home/jorgequiguango/.m2/repository/dom4j/dom4j/1.6.1/dom4j-1.6.1.jar:/home/jorgequiguango/.m2/repository/org/hibernate/common/hibernate-commons-annotations/5.0.1.Final/hibernate-commons-annotations-5.0.1.Final.jar:/home/jorgequiguango/.gradle/caches/modules-2/files-2.1/org.springframework.data/spring-data-commons/1.13.8.RELEASE/2853e3c38e02d42529f6c8b247d7bace40c25642/spring-data-commons-1.13.8.RELEASE.jar:/home/jorgequiguango/.gradle/caches/modules-2/files-2.1/org.springframework/spring-orm/4.3.12.RELEASE/47bbe35a92944aeedf06a388098581272f8db9bd/spring-orm-4.3.12.RELEASE.jar:/home/jorgequiguango/.gradle/caches/modules-2/files-2.1/org.springframework/spring-context/4.3.12.RELEASE/5e6d26f36636f36b7efec1d6a0c5991284fbd95b/spring-context-4.3.12.RELEASE.jar:/home/jorgequiguango/.gradle/caches/modules-2/files-2.1/org.springframework/spring-tx/4.3.12.RELEASE/7147b6839b2bf9db3621b79c73b4dddbe69572b6/spring-tx-4.3.12.RELEASE.jar:/home/jorgequiguango/.gradle/caches/modules-2/files-2.1/org.springframework/spring-beans/4.3.12.RELEASE/547dd432d47d0f01d9ccbedc4b705f9f7c1240a/spring-beans-4.3.12.RELEASE.jar:/home/jorgequiguango/.m2/repository/org/slf4j/slf4j-api/1.7.25/slf4j-api-1.7.25.jar:/home/jorgequiguango/.m2/repository/org/slf4j/jcl-over-slf4j/1.7.25/jcl-over-slf4j-1.7.25.jar:/home/jorgequiguango/.gradle/caches/modules-2/files-2.1/org.apache.tomcat.embed/tomcat-embed-core/8.5.23/79261793a47f507890ee08f749b9d81774e4f7f0/tomcat-embed-core-8.5.23.jar:/home/jorgequiguango/.gradle/caches/modules-2/files-2.1/org.apache.tomcat.embed/tomcat-embed-el/8.5.23/98d979cde444dffa6d434c8377d0123b2dfa614c/tomcat-embed-el-8.5.23.jar:/home/jorgequiguango/.gradle/caches/modules-2/files-2.1/org.apache.tomcat.embed/tomcat-embed-websocket/8.5.23/52f07abcae10dc7e1764304b0877def175c2c833/tomcat-embed-websocket-8.5.23.jar:/home/jorgequiguango/.m2/repository/javax/validation/validation-api/1.1.0.Final/validation-api-1.1.0.Final.jar:/home/jorgequiguango/.m2/repository/com/fasterxml/classmate/1.3.4/classmate-1.3.4.jar:/home/jorgequiguango/.m2/repository/com/fasterxml/jackson/core/jackson-annotations/2.8.0/jackson-annotations-2.8.0.jar:/home/jorgequiguango/.m2/repository/com/fasterxml/jackson/core/jackson-core/2.8.10/jackson-core-2.8.10.jar:/home/jorgequiguango/.gradle/caches/modules-2/files-2.1/org.springframework/spring-expression/4.3.12.RELEASE/790f69f6ad7f9da8d4a92c603ad7244c398c8309/spring-expression-4.3.12.RELEASE.jar:/home/jorgequiguango/.m2/repository/org/jetbrains/annotations/13.0/annotations-13.0.jar:/home/jorgequiguango/.m2/repository/net/minidev/json-smart/2.2.1/json-smart-2.2.1.jar:/home/jorgequiguango/.m2/repository/org/objenesis/objenesis/2.1/objenesis-2.1.jar:/home/jorgequiguango/.m2/repository/com/vaadin/external/google/android-json/0.0.20131108.vaadin1/android-json-0.0.20131108.vaadin1.jar:/home/jorgequiguango/.m2/repository/ch/qos/logback/logback-classic/1.1.11/logback-classic-1.1.11.jar:/home/jorgequiguango/.m2/repository/org/slf4j/jul-to-slf4j/1.7.25/jul-to-slf4j-1.7.25.jar:/home/jorgequiguango/.m2/repository/org/slf4j/log4j-over-slf4j/1.7.25/log4j-over-slf4j-1.7.25.jar:/home/jorgequiguango/.gradle/caches/modules-2/files-2.1/org.apache.tomcat/tomcat-juli/8.5.23/98e7f0610b7b2fb8303f11be0210e3f5a56a7d55/tomcat-juli-8.5.23.jar:/home/jorgequiguango/.gradle/caches/modules-2/files-2.1/org.apache.tomcat/tomcat-annotations-api/8.5.23/aaf17df9fe0240e9e9d5375d24d5f177174b73d9/tomcat-annotations-api-8.5.23.jar:/home/jorgequiguango/.m2/repository/net/minidev/accessors-smart/1.1/accessors-smart-1.1.jar:/home/jorgequiguango/.m2/repository/ch/qos/logback/logback-core/1.1.11/logback-core-1.1.11.jar:/home/jorgequiguango/.m2/repository/org/ow2/asm/asm/5.0.3/asm-5.0.3.jar, user.name=jorgequiguango, java.vm.specification.version=1.8, sun.java.command=worker.org.gradle.process.internal.worker.GradleWorkerMain 'Gradle Test Executor 1', java.home=/app/jdk1.8.0_144/jre, sun.arch.data.model=64, user.language=en, java.specification.vendor=Oracle Corporation, awt.toolkit=sun.awt.X11.XToolkit, java.vm.info=mixed mode, java.version=1.8.0_144, java.ext.dirs=/app/jdk1.8.0_144/jre/lib/ext:/usr/java/packages/lib/ext, sun.boot.class.path=/app/jdk1.8.0_144/jre/lib/resources.jar:/app/jdk1.8.0_144/jre/lib/rt.jar:/app/jdk1.8.0_144/jre/lib/sunrsasign.jar:/app/jdk1.8.0_144/jre/lib/jsse.jar:/app/jdk1.8.0_144/jre/lib/jce.jar:/app/jdk1.8.0_144/jre/lib/charsets.jar:/app/jdk1.8.0_144/jre/lib/jfr.jar:/app/jdk1.8.0_144/jre/classes, java.vendor=Oracle Corporation, org.gradle.test.worker=1, file.separator=/, java.vendor.url.bug=http://bugreport.sun.com/bugreport/, sun.io.unicode.encoding=UnicodeLittle, sun.cpu.endian=little, sun.cpu.isalist=}}, SystemEnvironmentPropertySource@991696228 {name='systemEnvironment', properties={PATH=/usr/local/sbin:/usr/local/bin:/usr/sbin:/usr/bin:/sbin:/bin:/usr/games:/usr/local/games:/snap/bin:/opt/mssql-tools/bin, XAUTHORITY=/home/jorgequiguango/.Xauthority, LC_MEASUREMENT=es_EC.UTF-8, LC_TELEPHONE=es_EC.UTF-8, XDG_DATA_DIRS=/usr/share//usr/share/xsessions/plasma:/home/jorgequiguango/.local/share/flatpak/exports/share:/var/lib/flatpak/exports/share:/usr/local/share:/usr/share:/var/lib/snapd/desktop, MANDATORY_PATH=/usr/share/gconf//usr/share/xsessions/plasma.mandatory.path, LC_TIME=es_EC.UTF-8, DBUS_SESSION_BUS_ADDRESS=unix:abstract=/tmp/dbus-cB7AfJiS2z,guid=b38297b25c2a29da80aacf2f59f4edc6, DEFAULTS_PATH=/usr/share/gconf//usr/share/xsessions/plasma.default.path, XDG_CURRENT_DESKTOP=KDE, QT_AUTO_SCREEN_SCALE_FACTOR=0, SSH_AGENT_PID=1954, LD_LIBRARY_PATH=/app/jdk1.8.0_144/jre/lib/amd64:/app/jdk1.8.0_144/jre/lib/i386:, SESSION_MANAGER=local/Ryzen:@/tmp/.ICE-unix/2188,unix/Ryzen:/tmp/.ICE-unix/2188, QT_LINUX_ACCESSIBILITY_ALWAYS_ON=1, LC_PAPER=es_EC.UTF-8, LOGNAME=jorgequiguango, PWD=/home/jorgequiguango, PAM_KWALLET5_LOGIN=/run/user/1000/kwallet5.socket, XCURSOR_THEME=breeze_cursors, KDE_SESSION_VERSION=5, SHELL=/bin/bash, LC_ADDRESS=es_EC.UTF-8, KDE_FULL_SESSION=true, XDG_SESSION_PATH=/org/freedesktop/DisplayManager/Session1, XDG_SESSION_DESKTOP=KDE, SHLVL=1, LC_IDENTIFICATION=es_EC.UTF-8, J2D_PIXMAPS=shared, LC_MONETARY=es_EC.UTF-8, KDE_SESSION_UID=1000, XFILESEARCHPATH=/usr/dt/app-defaults/%L/Dt, XDG_CONFIG_DIRS=/etc/xdg/xdg-/usr/share/xsessions/plasma:/etc/xdg, LANG=en_US.UTF-8, XDG_SEAT_PATH=/org/freedesktop/DisplayManager/Seat0, XDG_SESSION_TYPE=x11, XDG_SESSION_ID=2, NB_DESKTOP_STARTUP_ID=Ryzen;1509229834;212260;2228_TIME5976648, DISPLAY=:0, LC_NAME=es_EC.UTF-8, _=/app/jdk1.8.0_144/bin/java, XDG_SESSION_CLASS=user, DESKTOP_SESSION=/usr/share/xsessions/plasma, USER=jorgequiguango, QT_ACCESSIBILITY=1, LC_NUMERIC=es_EC.UTF-8, XDG_SEAT=seat0, SSH_AUTH_SOCK=/tmp/ssh-YFaxJycDIhjP/agent.1904, GS_LIB=/home/jorgequiguango/.fonts, NLSPATH=/usr/dt/lib/nls/msg/%L/%N.cat, XDG_RUNTIME_DIR=/run/user/1000, XDG_VTNR=7, HOME=/home/jorgequiguango}}]
17:38:08.042 [Test worker] DEBUG org.springframework.core.env.MutablePropertySources - Adding PropertySource 'inline' with highest search precedence
17:38:08.046 [Test worker] DEBUG org.springframework.test.context.support.TestPropertySourceUtils - Adding inlined properties to environment: {spring.jmx.enabled=false, org.springframework.boot.test.context.SpringBootTestContextBootstrapper=true, server.port=-1}
17:38:08.046 [Test worker] DEBUG org.springframework.core.env.StandardEnvironment - Adding PropertySource 'Inlined Test Properties' with highest search precedence

  .   ____          _            __ _ _
 /\\ / ___'_ __ _ _(_)_ __  __ _ \ \ \ \
( ( )\___ | '_ | '_| | '_ \/ _` | \ \ \ \
 \\/  ___)| |_)| | | | | || (_| |  ) ) ) )
  '  |____| .__|_| |_|_| |_\__, | / / / /
 =========|_|==============|___/=/_/_/_/
 :: Spring Boot ::        (v1.5.8.RELEASE)

2017-10-28 17:38:08.346  INFO 11720 --- [    Test worker] c.quijotelui.QuijoteLuiApplicationTests  : Starting QuijoteLuiApplicationTests on Ryzen with PID 11720 (started by jorgequiguango in /data/git/QuijoteLui)
2017-10-28 17:38:08.347  INFO 11720 --- [    Test worker] c.quijotelui.QuijoteLuiApplicationTests  : No active profile set, falling back to default profiles: default
2017-10-28 17:38:08.388  INFO 11720 --- [    Test worker] o.s.w.c.s.GenericWebApplicationContext   : Refreshing org.springframework.web.context.support.GenericWebApplicationContext@196ec30d: startup date [Sat Oct 28 17:38:08 ECT 2017]; root of context hierarchy
2017-10-28 17:38:10.117  INFO 11720 --- [    Test worker] j.LocalContainerEntityManagerFactoryBean : Building JPA container EntityManagerFactory for persistence unit 'default'
2017-10-28 17:38:10.142  INFO 11720 --- [    Test worker] o.hibernate.jpa.internal.util.LogHelper  : HHH000204: Processing PersistenceUnitInfo [
	name: default
	...]
2017-10-28 17:38:10.224  INFO 11720 --- [    Test worker] org.hibernate.Version                    : HHH000412: Hibernate Core {5.0.12.Final}
2017-10-28 17:38:10.226  INFO 11720 --- [    Test worker] org.hibernate.cfg.Environment            : HHH000206: hibernate.properties not found
2017-10-28 17:38:10.228  INFO 11720 --- [    Test worker] org.hibernate.cfg.Environment            : HHH000021: Bytecode provider name : javassist
2017-10-28 17:38:10.262  INFO 11720 --- [    Test worker] o.hibernate.annotations.common.Version   : HCANN000001: Hibernate Commons Annotations {5.0.1.Final}
2017-10-28 17:38:10.446  INFO 11720 --- [    Test worker] org.hibernate.dialect.Dialect            : HHH000400: Using dialect: org.hibernate.dialect.Oracle10gDialect
2017-10-28 17:38:10.672  WARN 11720 --- [    Test worker] org.hibernate.mapping.RootClass          : HHH000038: Composite-id class does not override equals(): com.quijotelui.model.Factura
2017-10-28 17:38:10.672  WARN 11720 --- [    Test worker] org.hibernate.mapping.RootClass          : HHH000039: Composite-id class does not override hashCode(): com.quijotelui.model.Factura
2017-10-28 17:38:10.827  INFO 11720 --- [    Test worker] o.h.tool.hbm2ddl.SchemaValidator         : HHH000229: Running schema validator
2017-10-28 17:38:12.045  INFO 11720 --- [    Test worker] j.LocalContainerEntityManagerFactoryBean : Initialized JPA EntityManagerFactory for persistence unit 'default'
2017-10-28 17:38:12.584  INFO 11720 --- [    Test worker] s.w.s.m.m.a.RequestMappingHandlerAdapter : Looking for @ControllerAdvice: org.springframework.web.context.support.GenericWebApplicationContext@196ec30d: startup date [Sat Oct 28 17:38:08 ECT 2017]; root of context hierarchy
2017-10-28 17:38:12.654  INFO 11720 --- [    Test worker] s.w.s.m.m.a.RequestMappingHandlerMapping : Mapped "{[/rest/v1/contribuyentes],methods=[GET]}" onto public org.springframework.http.ResponseEntity<java.util.List<com.quijotelui.model.Contribuyente>> com.quijotelui.controller.ContribuyenteRestApi.getContribuyentes()
2017-10-28 17:38:12.655  INFO 11720 --- [    Test worker] s.w.s.m.m.a.RequestMappingHandlerMapping : Mapped "{[/rest/v1/contribuyente/{ruc}],methods=[GET]}" onto public org.springframework.http.ResponseEntity<com.quijotelui.model.Contribuyente> com.quijotelui.controller.ContribuyenteRestApi.getByRuc(java.lang.String)
2017-10-28 17:38:12.657  INFO 11720 --- [    Test worker] s.w.s.m.m.a.RequestMappingHandlerMapping : Mapped "{[/rest/v1/contribuyentefactura],methods=[GET]}" onto public org.springframework.http.ResponseEntity<java.util.List<com.quijotelui.model.Contribuyente>> com.quijotelui.controller.FacturaRestApi.getContribuyenteFactura()
2017-10-28 17:38:12.657  INFO 11720 --- [    Test worker] s.w.s.m.m.a.RequestMappingHandlerMapping : Mapped "{[/rest/v1/facturas],methods=[GET]}" onto public org.springframework.http.ResponseEntity<java.util.List<com.quijotelui.model.Factura>> com.quijotelui.controller.FacturaRestApi.getFacturas()
2017-10-28 17:38:12.658  INFO 11720 --- [    Test worker] s.w.s.m.m.a.RequestMappingHandlerMapping : Mapped "{[/rest/v1/factura/{fecha}],methods=[GET]}" onto public org.springframework.http.ResponseEntity<java.util.List<com.quijotelui.model.Factura>> com.quijotelui.controller.FacturaRestApi.getByFecha(java.lang.String)
2017-10-28 17:38:12.658  INFO 11720 --- [    Test worker] s.w.s.m.m.a.RequestMappingHandlerMapping : Mapped "{[/rest/v1/factura/codigo/{codigo}/numero/{numero}],methods=[GET]}" onto public org.springframework.http.ResponseEntity<java.util.List<com.quijotelui.model.Factura>> com.quijotelui.controller.FacturaRestApi.generaXml(java.lang.String,java.lang.String)
2017-10-28 17:38:12.659  INFO 11720 --- [    Test worker] s.w.s.m.m.a.RequestMappingHandlerMapping : Mapped "{[/]}" onto public java.lang.String com.quijotelui.controller.Principal.index()
2017-10-28 17:38:12.661  INFO 11720 --- [    Test worker] s.w.s.m.m.a.RequestMappingHandlerMapping : Mapped "{[/error],produces=[text/html]}" onto public org.springframework.web.servlet.ModelAndView org.springframework.boot.autoconfigure.web.BasicErrorController.errorHtml(javax.servlet.http.HttpServletRequest,javax.servlet.http.HttpServletResponse)
2017-10-28 17:38:12.661  INFO 11720 --- [    Test worker] s.w.s.m.m.a.RequestMappingHandlerMapping : Mapped "{[/error]}" onto public org.springframework.http.ResponseEntity<java.util.Map<java.lang.String, java.lang.Object>> org.springframework.boot.autoconfigure.web.BasicErrorController.error(javax.servlet.http.HttpServletRequest)
2017-10-28 17:38:12.710  INFO 11720 --- [    Test worker] o.s.w.s.handler.SimpleUrlHandlerMapping  : Mapped URL path [/webjars/**] onto handler of type [class org.springframework.web.servlet.resource.ResourceHttpRequestHandler]
2017-10-28 17:38:12.710  INFO 11720 --- [    Test worker] o.s.w.s.handler.SimpleUrlHandlerMapping  : Mapped URL path [/**] onto handler of type [class org.springframework.web.servlet.resource.ResourceHttpRequestHandler]
2017-10-28 17:38:12.744  INFO 11720 --- [    Test worker] o.s.w.s.handler.SimpleUrlHandlerMapping  : Mapped URL path [/**/favicon.ico] onto handler of type [class org.springframework.web.servlet.resource.ResourceHttpRequestHandler]
2017-10-28 17:38:12.996  INFO 11720 --- [    Test worker] c.quijotelui.QuijoteLuiApplicationTests  : Started QuijoteLuiApplicationTests in 4.943 seconds (JVM running for 5.841)
]]></system-out>
  <system-err><![CDATA[]]></system-err>
</testsuite>
